[    0.000000] Linux version 4.15.0-212-generic (buildd@lcy02-amd64-083) (gcc version 7.5.0 (Ubuntu 7.5.0-3ubuntu1~18.04)) #223-Ubuntu SMP Tue May 23 13:09:22 UTC 2023 (Ubuntu 4.15.0-212.223-generic 4.15.18)
[    0.000000] Command line: BOOT_IMAGE=/boot/vmlinuz-4.15.0-212-generic root=LABEL=cloudimg-rootfs ro console=tty1 console=ttyS0
[    0.000000] KERNEL supported cpus:
[    0.000000]   Intel GenuineIntel
[    0.000000]   AMD AuthenticAMD
[    0.000000]   Centaur CentaurHauls
[    0.000000] x86/fpu: Supporting XSAVE feature 0x001: 'x87 floating point registers'
[    0.000000] x86/fpu: Supporting XSAVE feature 0x002: 'SSE registers'
[    0.000000] x86/fpu: Supporting XSAVE feature 0x004: 'AVX registers'
[    0.000000] x86/fpu: xstate_offset[2]:  576, xstate_sizes[2]:  256
[    0.000000] x86/fpu: Enabled xstate features 0x7, context size is 832 bytes, using 'standard' format.
[    0.000000] e820: BIOS-provided physical RAM map:
[    0.000000] BIOS-e820: [mem 0x0000000000000000-0x000000000009fbff] usable
[    0.000000] BIOS-e820: [mem 0x000000000009fc00-0x000000000009ffff] reserved
[    0.000000] BIOS-e820: [mem 0x00000000000f0000-0x00000000000fffff] reserved
[    0.000000] BIOS-e820: [mem 0x0000000000100000-0x000000001ffeffff] usable
[    0.000000] BIOS-e820: [mem 0x000000001fff0000-0x000000001fffffff] ACPI data
[    0.000000] BIOS-e820: [mem 0x00000000fec00000-0x00000000fec00fff] reserved
[    0.000000] BIOS-e820: [mem 0x00000000fee00000-0x00000000fee00fff] reserved
[    0.000000] BIOS-e820: [mem 0x00000000fffc0000-0x00000000ffffffff] reserved
[    0.000000] NX (Execute Disable) protection: active
[    0.000000] SMBIOS 2.5 present.
[    0.000000] DMI: innotek GmbH VirtualBox/VirtualBox, BIOS VirtualBox 12/01/2006
[    0.000000] Hypervisor detected: KVM
[    0.000000] e820: last_pfn = 0x1fff0 max_arch_pfn = 0x400000000
[    0.000000] MTRR: Disabled
[    0.000000] x86/PAT: MTRRs disabled, skipping PAT initialization too.
[    0.000000] CPU MTRRs all blank - virtualized system.
[    0.000000] x86/PAT: Configuration [0-7]: WB  WT  UC- UC  WB  WT  UC- UC  
[    0.000000] found SMP MP-table at [mem 0x0009fff0-0x0009ffff]
[    0.000000] Scanning 1 areas for low memory corruption
[    0.000000] RAMDISK: [mem 0x1db01000-0x1ee12fff]
[    0.000000] ACPI: Early table checksum verification disabled
[    0.000000] ACPI: RSDP 0x00000000000E0000 000024 (v02 VBOX  )
[    0.000000] ACPI: XSDT 0x000000001FFF0030 00003C (v01 VBOX   VBOXXSDT 00000001 ASL  00000061)
[    0.000000] ACPI: FACP 0x000000001FFF00F0 0000F4 (v04 VBOX   VBOXFACP 00000001 ASL  00000061)
[    0.000000] ACPI: DSDT 0x000000001FFF0470 002325 (v02 VBOX   VBOXBIOS 00000002 INTL 20200925)
[    0.000000] ACPI: FACS 0x000000001FFF0200 000040
[    0.000000] ACPI: FACS 0x000000001FFF0200 000040
[    0.000000] ACPI: APIC 0x000000001FFF0240 00005C (v02 VBOX   VBOXAPIC 00000001 ASL  00000061)
[    0.000000] ACPI: SSDT 0x000000001FFF02A0 0001CC (v01 VBOX   VBOXCPUT 00000002 INTL 20200925)
[    0.000000] ACPI: Reserving FACP table memory at [mem 0x1fff00f0-0x1fff01e3]
[    0.000000] ACPI: Reserving DSDT table memory at [mem 0x1fff0470-0x1fff2794]
[    0.000000] ACPI: Reserving FACS table memory at [mem 0x1fff0200-0x1fff023f]
[    0.000000] ACPI: Reserving FACS table memory at [mem 0x1fff0200-0x1fff023f]
[    0.000000] ACPI: Reserving APIC table memory at [mem 0x1fff0240-0x1fff029b]
[    0.000000] ACPI: Reserving SSDT table memory at [mem 0x1fff02a0-0x1fff046b]
[    0.000000] No NUMA configuration found
[    0.000000] Faking a node at [mem 0x0000000000000000-0x000000001ffeffff]
[    0.000000] NODE_DATA(0) allocated [mem 0x1ffc5000-0x1ffeffff]
[    0.000000] kvm-clock: cpu 0, msr 0:1ff44001, primary cpu clock
[    0.000000] kvm-clock: Using msrs 4b564d01 and 4b564d00
[    0.000000] kvm-clock: using sched offset of 3468392666 cycles
[    0.000000] clocksource: kvm-clock: mask: 0xffffffffffffffff max_cycles: 0x1cd42e4dffb, max_idle_ns: 881590591483 ns
[    0.000000] Zone ranges:
[    0.000000]   DMA      [mem 0x0000000000001000-0x0000000000ffffff]
[    0.000000]   DMA32    [mem 0x0000000001000000-0x000000001ffeffff]
[    0.000000]   Normal   empty
[    0.000000]   Device   empty
[    0.000000] Movable zone start for each node
[    0.000000] Early memory node ranges
[    0.000000]   node   0: [mem 0x0000000000001000-0x000000000009efff]
[    0.000000]   node   0: [mem 0x0000000000100000-0x000000001ffeffff]
[    0.000000] Reserved but unavailable: 104 pages
[    0.000000] Initmem setup node 0 [mem 0x0000000000001000-0x000000001ffeffff]
[    0.000000] ACPI: PM-Timer IO Port: 0x4008
[    0.000000] IOAPIC[0]: apic_id 2, version 32, address 0xfec00000, GSI 0-23
[    0.000000] ACPI: INT_SRC_OVR (bus 0 bus_irq 0 global_irq 2 dfl dfl)
[    0.000000] ACPI: INT_SRC_OVR (bus 0 bus_irq 9 global_irq 9 low level)
[    0.000000] Using ACPI (MADT) for SMP configuration information
[    0.000000] smpboot: Allowing 2 CPUs, 0 hotplug CPUs
[    0.000000] PM: Registered nosave memory: [mem 0x00000000-0x00000fff]
[    0.000000] PM: Registered nosave memory: [mem 0x0009f000-0x0009ffff]
[    0.000000] PM: Registered nosave memory: [mem 0x000a0000-0x000effff]
[    0.000000] PM: Registered nosave memory: [mem 0x000f0000-0x000fffff]
[    0.000000] e820: [mem 0x20000000-0xfebfffff] available for PCI devices
[    0.000000] Booting paravirtualized kernel on KVM
[    0.000000] clocksource: refined-jiffies: mask: 0xffffffff max_cycles: 0xffffffff, max_idle_ns: 7645519600211568 ns
[    0.000000] setup_percpu: NR_CPUS:8192 nr_cpumask_bits:2 nr_cpu_ids:2 nr_node_ids:1
[    0.000000] percpu: Embedded 50 pages/cpu s167936 r8192 d28672 u1048576
[    0.000000] PV qspinlock hash table entries: 256 (order: 0, 4096 bytes)
[    0.000000] Built 1 zonelists, mobility grouping on.  Total pages: 128889
[    0.000000] Policy zone: DMA32
[    0.000000] Kernel command line: BOOT_IMAGE=/boot/vmlinuz-4.15.0-212-generic root=LABEL=cloudimg-rootfs ro console=tty1 console=ttyS0
[    0.000000] Memory: 466548K/523832K available (12300K kernel code, 2477K rwdata, 4324K rodata, 2480K init, 2720K bss, 57284K reserved, 0K cma-reserved)
[    0.000000] SLUB: HWalign=64, Order=0-3, MinObjects=0, CPUs=2, Nodes=1
[    0.000000] Kernel/User page tables isolation: enabled
[    0.000000] ftrace: allocating 39508 entries in 155 pages
[    0.004000] Hierarchical RCU implementation.
[    0.004000] 	RCU restricting CPUs from NR_CPUS=8192 to nr_cpu_ids=2.
[    0.004000] 	Tasks RCU enabled.
[    0.004000] RCU: Adjusting geometry for rcu_fanout_leaf=16, nr_cpu_ids=2
[    0.004000] NR_IRQS: 524544, nr_irqs: 440, preallocated irqs: 16
[    0.004000] random: crng init done
[    0.004000] Console: colour VGA+ 80x25
[    0.004000] console [tty1] enabled
[    0.004000] console [ttyS0] enabled
[    0.004000] ACPI: Core revision 20170831
[    0.004000] ACPI: 2 ACPI AML tables successfully acquired and loaded
[    0.004000] APIC: Switch to symmetric I/O mode setup
[    0.004000] x2apic enabled
[    0.004000] Switched APIC routing to physical x2apic.
[    0.004000] ..TIMER: vector=0x30 apic1=0 pin1=2 apic2=-1 pin2=-1
[    0.004006] tsc: Detected 3192.746 MHz processor
[    0.004697] Calibrating delay loop (skipped) preset value.. 6385.49 BogoMIPS (lpj=12770984)
[    0.005227] pid_max: default: 32768 minimum: 301
[    0.005923] Security Framework initialized
[    0.006642] Yama: becoming mindful.
[    0.008024] AppArmor: AppArmor initialized
[    0.008786] Dentry cache hash table entries: 65536 (order: 7, 524288 bytes)
[    0.009872] Inode-cache hash table entries: 32768 (order: 6, 262144 bytes)
[    0.010997] Mount-cache hash table entries: 1024 (order: 1, 8192 bytes)
[    0.012007] Mountpoint-cache hash table entries: 1024 (order: 1, 8192 bytes)
[    0.013307] Last level iTLB entries: 4KB 512, 2MB 8, 4MB 8
[    0.014163] Last level dTLB entries: 4KB 512, 2MB 32, 4MB 32, 1GB 0
[    0.015129] Spectre V1 : Mitigation: usercopy/swapgs barriers and __user pointer sanitization
[    0.016003] Spectre V2 : Mitigation: Retpolines
[    0.016711] Spectre V2 : Spectre v2 / SpectreRSB mitigation: Filling RSB on context switch
[    0.017957] Spectre V2 : Spectre v2 / SpectreRSB : Filling RSB on VMEXIT
[    0.019014] Speculative Store Bypass: Vulnerable
[    0.020050] MDS: Mitigation: Clear CPU buffers
[    0.020786] MMIO Stale Data: Unknown: No mitigations
[    0.021555] SRBDS: Unknown: Dependent on hypervisor status
[    0.022550] Freeing SMP alternatives memory: 36K
[    0.133827] smpboot: CPU0: Intel(R) Core(TM) i5-3470 CPU @ 3.20GHz (family: 0x6, model: 0x3a, stepping: 0x9)
[    0.135481] Performance Events: unsupported p6 CPU model 58 no PMU driver, software events only.
[    0.136000] Hierarchical SRCU implementation.
[    0.136435] NMI watchdog: Perf event create on CPU 0 failed with -2
[    0.137446] NMI watchdog: Perf NMI watchdog permanently disabled
[    0.138447] smp: Bringing up secondary CPUs ...
[    0.139312] x86: Booting SMP configuration:
[    0.140004] .... node  #0, CPUs:      #1
[    0.004000] kvm-clock: cpu 1, msr 0:1ff44041, secondary cpu clock
[    0.146358] smp: Brought up 1 node, 2 CPUs
[    0.146358] smpboot: Max logical packages: 1
[    0.146358] smpboot: Total of 2 processors activated (12770.98 BogoMIPS)
[    0.148171] devtmpfs: initialized
[    0.148662] x86/mm: Memory block size: 128MB
[    0.149491] evm: security.selinux
[    0.150036] evm: security.SMACK64
[    0.150613] evm: security.SMACK64EXEC
[    0.152004] evm: security.SMACK64TRANSMUTE
[    0.152757] evm: security.SMACK64MMAP
[    0.153327] evm: security.apparmor
[    0.153925] evm: security.ima
[    0.154521] evm: security.capability
[    0.155163] clocksource: jiffies: mask: 0xffffffff max_cycles: 0xffffffff, max_idle_ns: 7645041785100000 ns
[    0.156015] futex hash table entries: 512 (order: 3, 32768 bytes)
[    0.157111] pinctrl core: initialized pinctrl subsystem
[    0.158112] RTC time:  1:15:46, date: 09/21/23
[    0.160231] NET: Registered protocol family 16
[    0.164082] audit: initializing netlink subsys (disabled)
[    0.164957] audit: type=2000 audit(1695258951.449:1): state=initialized audit_enabled=0 res=1
[    0.165414] cpuidle: using governor ladder
[    0.168024] cpuidle: using governor menu
[    0.168723] ACPI: bus type PCI registered
[    0.169326] acpiphp: ACPI Hot Plug PCI Controller Driver version: 0.5
[    0.170393] PCI: Using configuration type 1 for base access
[    0.172993] HugeTLB registered 2.00 MiB page size, pre-allocated 0 pages
[    0.173089] ACPI: Added _OSI(Module Device)
[    0.176011] ACPI: Added _OSI(Processor Device)
[    0.176965] ACPI: Added _OSI(3.0 _SCP Extensions)
[    0.177775] ACPI: Added _OSI(Processor Aggregator Device)
[    0.180010] ACPI: Added _OSI(Linux-Dell-Video)
[    0.180757] ACPI: Added _OSI(Linux-Lenovo-NV-HDMI-Audio)
[    0.184003] ACPI: Added _OSI(Linux-HPI-Hybrid-Graphics)
[    0.185138] ACPI: Executed 1 blocks of module-level executable AML code
[    0.189420] ACPI: Interpreter enabled
[    0.190077] ACPI: (supports S0 S5)
[    0.190633] ACPI: Using IOAPIC for interrupt routing
[    0.192029] PCI: Using host bridge windows from ACPI; if necessary, use "pci=nocrs" and report a bug
[    0.193679] ACPI: Enabled 2 GPEs in block 00 to 07
[    0.204007] ACPI: PCI Root Bridge [PCI0] (domain 0000 [bus 00-ff])
[    0.205011] acpi PNP0A03:00: _OSC: OS supports [ASPM ClockPM Segments MSI]
[    0.206624] acpi PNP0A03:00: _OSC: not requesting OS control; OS requires [ExtendedConfig ASPM ClockPM MSI]
[    0.208019] acpi PNP0A03:00: fail to add MMCONFIG information, can't access extended PCI configuration space under this bridge.
[    0.210327] PCI host bridge to bus 0000:00
[    0.212009] pci_bus 0000:00: root bus resource [io  0x0000-0x0cf7 window]
[    0.213058] pci_bus 0000:00: root bus resource [io  0x0d00-0xffff window]
[    0.216003] pci_bus 0000:00: root bus resource [mem 0x000a0000-0x000bffff window]
[    0.217697] pci_bus 0000:00: root bus resource [mem 0x20000000-0xfdffffff window]
[    0.218990] pci_bus 0000:00: root bus resource [bus 00-ff]
[    0.221799] pci 0000:00:01.1: legacy IDE quirk: reg 0x10: [io  0x01f0-0x01f7]
[    0.223355] pci 0000:00:01.1: legacy IDE quirk: reg 0x14: [io  0x03f6]
[    0.224012] pci 0000:00:01.1: legacy IDE quirk: reg 0x18: [io  0x0170-0x0177]
[    0.225319] pci 0000:00:01.1: legacy IDE quirk: reg 0x1c: [io  0x0376]
[    0.239740] pci 0000:00:07.0: quirk: [io  0x4000-0x403f] claimed by PIIX4 ACPI
[    0.240022] pci 0000:00:07.0: quirk: [io  0x4100-0x410f] claimed by PIIX4 SMB
[    0.251110] ACPI: PCI Interrupt Link [LNKA] (IRQs 5 9 10 *11)
[    0.252325] ACPI: PCI Interrupt Link [LNKB] (IRQs 5 9 *10 11)
[    0.253415] ACPI: PCI Interrupt Link [LNKC] (IRQs 5 *9 10 11)
[    0.254512] ACPI: PCI Interrupt Link [LNKD] (IRQs 5 9 10 *11)
[    0.256141] SCSI subsystem initialized
[    0.257427] pci 0000:00:02.0: vgaarb: setting as boot VGA device
[    0.257427] pci 0000:00:02.0: vgaarb: VGA device added: decodes=io+mem,owns=io+mem,locks=none
[    0.258257] pci 0000:00:02.0: vgaarb: bridge control possible
[    0.260011] vgaarb: loaded
[    0.260613] ACPI: bus type USB registered
[    0.261317] usbcore: registered new interface driver usbfs
[    0.262241] usbcore: registered new interface driver hub
[    0.263037] usbcore: registered new device driver usb
[    0.264081] EDAC MC: Ver: 3.0.0
[    0.264841] PCI: Using ACPI for IRQ routing
[    0.264958] NetLabel: Initializing
[    0.265498] NetLabel:  domain hash size = 128
[    0.268007] NetLabel:  protocols = UNLABELED CIPSOv4 CALIPSO
[    0.269057] NetLabel:  unlabeled traffic allowed by default
[    0.270009] clocksource: Switched to clocksource kvm-clock
[    0.280328] VFS: Disk quotas dquot_6.6.0
[    0.281081] VFS: Dquot-cache hash table entries: 512 (order 0, 4096 bytes)
[    0.282259] AppArmor: AppArmor Filesystem Enabled
[    0.283057] pnp: PnP ACPI init
[    0.284641] pnp: PnP ACPI: found 3 devices
[    0.296271] clocksource: acpi_pm: mask: 0xffffff max_cycles: 0xffffff, max_idle_ns: 2085701024 ns
[    0.297737] NET: Registered protocol family 2
[    0.298483] IP idents hash table entries: 8192 (order: 4, 65536 bytes)
[    0.299842] TCP established hash table entries: 4096 (order: 3, 32768 bytes)
[    0.300987] TCP bind hash table entries: 4096 (order: 4, 65536 bytes)
[    0.302079] TCP: Hash tables configured (established 4096 bind 4096)
[    0.303266] UDP hash table entries: 256 (order: 1, 8192 bytes)
[    0.304811] UDP-Lite hash table entries: 256 (order: 1, 8192 bytes)
[    0.305878] NET: Registered protocol family 1
[    0.306602] pci 0000:00:00.0: Limiting direct PCI/PCI transfers
[    0.307543] pci 0000:00:01.0: Activating ISA DMA hang workarounds
[    0.308540] pci 0000:00:02.0: Video device with shadowed ROM at [mem 0x000c0000-0x000dffff]
[    0.309979] Unpacking initramfs...
[    0.547810] Freeing initrd memory: 19528K
[    0.548728] clocksource: tsc: mask: 0xffffffffffffffff max_cycles: 0x2e058540c6e, max_idle_ns: 440795222505 ns
[    0.550192] platform rtc_cmos: registered platform RTC device (no PNP device found)
[    0.551593] Scanning for low memory corruption every 60 seconds
[    0.553183] Initialise system trusted keyrings
[    0.553873] Key type blacklist registered
[    0.554577] workingset: timestamp_bits=36 max_order=17 bucket_order=0
[    0.556406] zbud: loaded
[    0.557345] squashfs: version 4.0 (2009/01/31) Phillip Lougher
[    0.558461] fuse init (API version 7.26)
[    0.561589] Key type asymmetric registered
[    0.562247] Asymmetric key parser 'x509' registered
[    0.563028] Block layer SCSI generic (bsg) driver version 0.4 loaded (major 246)
[    0.566178] io scheduler noop registered
[    0.567394] io scheduler deadline registered
[    0.568168] io scheduler cfq registered (default)
[    0.569274] ACPI: AC Adapter [AC] (on-line)
[    0.570019] input: Power Button as /devices/LNXSYSTM:00/LNXPWRBN:00/input/input0
[    0.571248] ACPI: Power Button [PWRF]
[    0.571985] input: Sleep Button as /devices/LNXSYSTM:00/LNXSLPBN:00/input/input1
[    0.573172] ACPI: Sleep Button [SLPF]
[    0.574134] Serial: 8250/16550 driver, 32 ports, IRQ sharing enabled
[    0.596041] 00:02: ttyS0 at I/O 0x3f8 (irq = 4, base_baud = 115200) is a 16550A
[    0.600309] Linux agpgart interface v0.103
[    0.602980] loop: module loaded
[    0.604098] scsi host0: ata_piix
[    0.604808] scsi host1: ata_piix
[    0.605366] ata1: PATA max UDMA/33 cmd 0x1f0 ctl 0x3f6 bmdma 0xd000 irq 14
[    0.606435] ata2: PATA max UDMA/33 cmd 0x170 ctl 0x376 bmdma 0xd008 irq 15
[    0.607620] tun: Universal TUN/TAP device driver, 1.6
[    0.608537] PPP generic driver version 2.4.2
[    0.609331] ehci_hcd: USB 2.0 'Enhanced' Host Controller (EHCI) Driver
[    0.610359] ehci-pci: EHCI PCI platform driver
[    0.611110] ehci-platform: EHCI generic platform driver
[    0.611915] ohci_hcd: USB 1.1 'Open' Host Controller (OHCI) Driver
[    0.612952] ohci-pci: OHCI PCI platform driver
[    0.613715] ohci-platform: OHCI generic platform driver
[    0.614539] uhci_hcd: USB Universal Host Controller Interface driver
[    0.615629] i8042: PNP: PS/2 Controller [PNP0303:PS2K,PNP0f03:PS2M] at 0x60,0x64 irq 1,12
[    0.617315] serio: i8042 KBD port at 0x60,0x64 irq 1
[    0.618106] serio: i8042 AUX port at 0x60,0x64 irq 12
[    0.619315] mousedev: PS/2 mouse device common for all mice
[    0.620998] input: AT Translated Set 2 keyboard as /devices/platform/i8042/serio0/input/input2
[    0.622556] rtc_cmos rtc_cmos: rtc core: registered rtc_cmos as rtc0
[    0.623579] rtc_cmos rtc_cmos: alarms up to one day, 114 bytes nvram
[    0.624553] i2c /dev entries driver
[    0.625155] device-mapper: uevent: version 1.0.3
[    0.626009] device-mapper: ioctl: 4.37.0-ioctl (2017-09-20) initialised: dm-devel@redhat.com
[    0.627504] ledtrig-cpu: registered to indicate activity on CPUs
[    0.629138] NET: Registered protocol family 10
[    0.636283] Segment Routing with IPv6
[    0.636988] NET: Registered protocol family 17
[    0.637758] Key type dns_resolver registered
[    0.638685] mce: Using 0 MCE banks
[    0.639501] RAS: Correctable Errors collector initialized.
[    0.640477] sched_clock: Marking stable (640438054, 0)->(791637810, -151199756)
[    0.642080] registered taskstats version 1
[    0.642743] Loading compiled-in X.509 certificates
[    0.647480] Loaded X.509 cert 'Build time autogenerated kernel key: b5b26778eaa3ab3a4a6cee031137706e947d12ad'
[    0.649735] Loaded X.509 cert 'Canonical Ltd. Live Patch Signing: 14df34d1a87cf37625abec039ef2bf521249b969'
[    0.651965] Loaded X.509 cert 'Canonical Ltd. Kernel Module Signing: 88f752e560a1e0737e31163a466ad7b70a850c19'
[    0.653781] blacklist: Loading compiled-in revocation X.509 certificates
[    0.654966] Loaded X.509 cert 'Canonical Ltd. Secure Boot Signing: 61482aa2830d0ab2ad5af10b7250da9033ddcef0'
[    0.656479] Loaded X.509 cert 'Canonical Ltd. Secure Boot Signing (2017): 242ade75ac4a15e50d50c84b0d45ff3eae707a03'
[    0.658014] Loaded X.509 cert 'Canonical Ltd. Secure Boot Signing (ESM 2018): 365188c1d374d6b07c3c8f240f8ef722433d6a8b'
[    0.659663] Loaded X.509 cert 'Canonical Ltd. Secure Boot Signing (2019): c0746fd6c5da3ae827864651ad66ae47fe24b3e8'
[    0.661198] Loaded X.509 cert 'Canonical Ltd. Secure Boot Signing (2021 v1): a8d54bbb3825cfb94fa13c9f8a594a195c107b8d'
[    0.662852] Loaded X.509 cert 'Canonical Ltd. Secure Boot Signing (2021 v2): 4cf046892d6fd3c9a5b03f98d845f90851dc6a8c'
[    0.664476] Loaded X.509 cert 'Canonical Ltd. Secure Boot Signing (2021 v3): 100437bb6de6e469b581e61cd66bce3ef4ed53af'
[    0.666035] Loaded X.509 cert 'Canonical Ltd. Secure Boot Signing (Ubuntu Core 2019): c1d57b8f6b743f23ee41f4f7ee292f06eecadfb9'
[    0.667730] zswap: loaded using pool lzo/zbud
[    0.672429] Key type big_key registered
[    0.673153] Key type trusted registered
[    0.675415] Key type encrypted registered
[    0.676139] AppArmor: AppArmor sha1 policy hashing enabled
[    0.676965] ima: No TPM chip found, activating TPM-bypass! (rc=-19)
[    0.677928] ima: Allocated hash algorithm: sha1
[    0.678851] evm: HMAC attrs: 0x1
[    0.679754]   Magic number: 7:419:256
[    0.680470] rtc_cmos rtc_cmos: setting system clock to 2023-09-21 01:15:47 UTC (1695258947)
[    0.681917] BIOS EDD facility v0.16 2004-Jun-25, 0 devices found
[    0.682845] EDD information not available.
[    0.807751] Freeing unused kernel image memory: 2480K
[    1.068473] Write protecting the kernel read-only data: 20480k
[    1.071940] Freeing unused kernel image memory: 2008K
[    1.074422] Freeing unused kernel image memory: 1820K
[    1.089840] x86/mm: Checked W+X mappings: passed, no W+X pages found.
[    1.092223] x86/mm: Checking user space page tables
[    1.106355] x86/mm: Checked W+X mappings: passed, no W+X pages found.
Loading, please wait...
starting version 237
[    1.221040] e1000: Intel(R) PRO/1000 Network Driver - version 7.3.21-k8-NAPI
[    1.222622] e1000: Copyright (c) 1999-2006 Intel Corporation.
[    1.233637] Fusion MPT base driver 3.04.20
[    1.234692] Copyright (c) 1999-2008 LSI Corporation
[    1.256941] AVX version of gcm_enc/dec engaged.
[    1.257786] AES CTR mode by8 optimization enabled
[    1.263270] Fusion MPT SPI Host driver 3.04.20
[    1.445279] input: ImExPS/2 Generic Explorer Mouse as /devices/platform/i8042/serio1/input/input4
[    1.630953] e1000 0000:00:03.0 eth0: (PCI:33MHz:32-bit) 02:3b:7b:b7:3b:2d
[    1.632064] e1000 0000:00:03.0 eth0: Intel(R) PRO/1000 Network Connection
[    1.634229] mptbase: ioc0: Initiating bringup
[    1.728501] ioc0: LSI53C1030 A0: Capabilities={Initiator}
[    1.970089] scsi host2: ioc0: LSI53C1030 A0, FwRev=00000000h, Ports=1, MaxQ=256, IRQ=20
[    2.136755] scsi 2:0:0:0: Direct-Access     VBOX     HARDDISK         1.0  PQ: 0 ANSI: 5
[    2.168090] scsi target2:0:0: Beginning Domain Validation
[    2.173737] scsi target2:0:0: Domain Validation skipping write tests
[    2.175949] scsi target2:0:0: Ending Domain Validation
[    2.193831] scsi target2:0:0: asynchronous
[    2.211632] scsi 2:0:1:0: Direct-Access     VBOX     HARDDISK         1.0  PQ: 0 ANSI: 5
[    2.244909] scsi target2:0:1: Beginning Domain Validation
[    2.249494] scsi target2:0:1: Domain Validation skipping write tests
[    2.251148] scsi target2:0:1: Ending Domain Validation
[    2.252779] scsi target2:0:1: asynchronous
[    2.261145] sd 2:0:0:0: [sda] 83886080 512-byte logical blocks: (42.9 GB/40.0 GiB)
[    2.263549] sd 2:0:0:0: [sda] Write Protect is off
[    2.264923] sd 2:0:0:0: [sda] Incomplete mode parameter data
[    2.266356] sd 2:0:0:0: [sda] Assuming drive cache: write through
[    2.267952] sd 2:0:0:0: Attached scsi generic sg0 type 0
[    2.271015] sd 2:0:1:0: Attached scsi generic sg1 type 0
[    2.272850]  sda: sda1
[    2.274300] sd 2:0:0:0: [sda] Attached SCSI disk
[    2.280118] sd 2:0:1:0: [sdb] 20480 512-byte logical blocks: (10.5 MB/10.0 MiB)
[    2.281683] sd 2:0:1:0: [sdb] Write Protect is off
[    2.282810] sd 2:0:1:0: [sdb] Incomplete mode parameter data
[    2.283999] sd 2:0:1:0: [sdb] Assuming drive cache: write through
[    2.311923] sd 2:0:1:0: [sdb] Attached SCSI disk
[    2.532114] e1000 0000:00:08.0 eth1: (PCI:33MHz:32-bit) 08:00:27:14:13:90
[    2.533264] e1000 0000:00:08.0 eth1: Intel(R) PRO/1000 Network Connection
[    2.895887] e1000 0000:00:09.0 eth2: (PCI:33MHz:32-bit) 08:00:27:af:77:05
[    2.897015] e1000 0000:00:09.0 eth2: Intel(R) PRO/1000 Network Connection
[    2.899195] e1000 0000:00:03.0 enp0s3: renamed from eth0
[    2.940994] e1000 0000:00:08.0 enp0s8: renamed from eth1
[    2.956705] e1000 0000:00:09.0 enp0s9: renamed from eth2
Begin: Loading essential drivers ... [    4.743210] raid6: sse2x1   gen() 10529 MB/s
[    4.796521] raid6: sse2x1   xor()  8581 MB/s
[    4.844520] raid6: sse2x2   gen() 12084 MB/s
[    4.895210] raid6: sse2x2   xor()  8563 MB/s
[    4.948684] raid6: sse2x4   gen() 16926 MB/s
[    4.999203] raid6: sse2x4   xor() 10302 MB/s
[    5.000034] raid6: using algorithm sse2x4 gen() 16926 MB/s
[    5.000880] raid6: .... xor() 10302 MB/s, rmw enabled
[    5.001670] raid6: using ssse3x2 recovery algorithm
[    5.004931] xor: automatically using best checksumming function   avx       
[    5.009673] async_tx: api initialized (async)
done.
Begin: Running /scripts/init-premount ... done.
Begin: Mounting root file system ... Begin: Running /scripts/local-top ... done.
Begin: Running /scripts/local-premount ... [    5.064478] Btrfs loaded, crc32c=crc32c-intel
Scanning for Btrfs filesystems
done.
Warning: fsck not present, so skipping root file system
[    5.122666] EXT4-fs (sda1): mounted filesystem with ordered data mode. Opts: (null)
done.
Begin: Running /scripts/local-bottom ... done.
Begin: Running /scripts/init-bottom ... done.
[    5.630533] ip_tables: (C) 2000-2006 Netfilter Core Team
[    5.698804] systemd[1]: systemd 237 running in system mode. (+PAM +AUDIT +SELINUX +IMA +APPARMOR +SMACK +SYSVINIT +UTMP +LIBCRYPTSETUP +GCRYPT +GNUTLS +ACL +XZ +LZ4 +SECCOMP +BLKID +ELFUTILS +KMOD -IDN2 +IDN -PCRE2 default-hierarchy=hybrid)
[    5.706188] systemd[1]: Detected virtualization oracle.
[    5.708059] systemd[1]: Detected architecture x86-64.

Welcome to [1mUbuntu 18.04.6 LTS[0m!

[    5.731653] systemd[1]: Set hostname to <ubuntu>.
[    5.743159] systemd[1]: Initializing machine ID from random generator.
[    5.745479] systemd[1]: Installed transient /etc/machine-id file.
[    6.543562] systemd[1]: Created slice User and Session Slice.
[[0;32m  OK  [0m] Created slice User and Session Slice.
[    6.547372] systemd[1]: Reached target System Time Synchronized.
[[0;32m  OK  [0m] Reached target System Time Synchronized.
[    6.550973] systemd[1]: Reached target Mounting snaps.
[[0;32m  OK  [0m] Reached target Mounting snaps.
[    6.553966] systemd[1]: Reached target Mounted snaps.
[[0;32m  OK  [0m] Reached target Mounted snaps.
[[0;32m  OK  [0m] Created slice System Slice.
[[0;32m  OK  [0m] Created slice system-serial\x2dgetty.slice.
[[0;32m  OK  [0m] Listening on Journal Socket (/dev/log).
[[0;32m  OK  [0m] Listening on fsck to fsckd communication Socket.
[[0;32m  OK  [0m] Listening on Journal Socket.
         Starting Create list of required st…ce nodes for the current kernel...
         Starting Set the console keyboard layout...
         Mounting Huge Pages File System...
[[0;32m  OK  [0m] Listening on LVM2 metadata daemon socket.
         Starting File System Check on Root Device...
         Starting Uncomplicated firewall...
[[0;32m  OK  [0m] Listening on Journal Audit Socket.
         Mounting POSIX Message Queue File System...
         Mounting Kernel Debug File System...
[[0;32m  OK  [0m] Listening on Network Service Netlink Socket.
[[0;32m  OK  [0m] Listening on /dev/initctl Compatibility Named Pipe.
[[0;32m  OK  [0m] Listening on Syslog Socket.
[[0;32m  OK  [0m] Started Forward Password Requests to Wall Directory Watch.
[[0;32m  OK  [0m] Listening on udev Control Socket.
[[0;32m  OK  [0m] Reached target Swap.
[[0;32m  OK  [0m] Reached target Slices.
         Starting Load Kernel Modules...
[[0;32m  OK  [0m] Listening on Device-mapper event daemon FIFOs.
         Starting Monitoring of LVM2 mirrors…ng dmeventd or progress polling...
[[0;32m  OK  [0m] Reached target User and Group Name Lookups.
[[0;32m  OK  [0m] Set up automount Arbitrary Executab…rmats File System Automount Point.
[    6.745064] Loading iSCSI transport class v2.0-870.
[[0;32m  OK  [0m] Listening on udev Kernel Socket.
         Starting udev Coldplug all Devices...
[[0;32m  OK  [0m] Listening on LVM2 poll daemon socket.
         Starting Journal Service...
[[0;32m  OK  [0m] Started Create list of required sta…vice nodes for the current kernel.
[[0;32m  OK  [0m] Mounted Huge Pages File System.
[[0;32m  OK  [0m] Started File System Check on Root Device.
[[0;32m  OK  [0m] Started Uncomplicated firewall.
[[0;32m  OK  [0m] Mounted POSIX Message Queue File System.
[[0;32m  OK  [0m] Mounted Kernel Debug File System.
[[0;32m  OK  [0m] Started File System Check Daemon to report status.
         Starting Remount Root and Kernel File Systems...
         Starting Create Static Device Nodes in /dev...
[[0;32m  OK  [0m] Started LVM2 metadata daemon.
[    6.870022] iscsi: registered transport (tcp)
[[0;32m  OK  [0m] Started udev Coldplug all Devices.
[[0;32m  OK  [0m] Started Journal Service.
[    7.089983] iscsi: registered transport (iser)
[[0;32m  OK  [0m] Started Load Kernel Modules.[    7.095010] EXT4-fs (sda1): re-mounted. Opts: (null)

         Starting Apply Kernel Variables...
         Mounting FUSE Control File System...
         Mounting Kernel Configuration File System...
[[0;32m  OK  [0m] Started Remount Root and Kernel File Systems.
[[0;32m  OK  [0m] Mounted FUSE Control File System.
[[0;32m  OK  [0m] Mounted Kernel Configuration File System.
         Starting Flush Journal to Persistent Storage...
         Starting Load/Save Random Seed...
[[0;32m  OK  [0m] Started Monitoring of LVM2 mirrors,…sing dmeventd or progress polling.
[[0;32m  OK  [0m] Started Create Static Device Nodes in /dev.
         Starting udev Kernel Device Manager...
[[0;32m  OK  [0m] Started Load/Save Random Seed.
[[0;32m  OK  [0m] Started Apply Kernel Variables.
[[0;32m  OK  [0m] Started Flush Journal to Persistent Storage.
[[0;32m  OK  [0m] Started udev Kernel Device Manager.
[[0;32m  OK  [0m] Found device /dev/ttyS0.
[[0;32m  OK  [0m] Listening on Load/Save RF Kill Switch Status /dev/rfkill Watch.
         Mounting Arbitrary Executable File Formats File System...
[[0;32m  OK  [0m] Mounted Arbitrary Executable File Formats File System.
[[0;32m  OK  [0m] Started Set the console keyboard layout.
[[0;32m  OK  [0m] Reached target Local File Systems (Pre).
[[0;32m  OK  [0m] Reached target Local File Systems.
         Starting Commit a transient machine-id on disk...
         Starting Create Volatile Files and Directories...
         Starting ebtables ruleset management...
         Starting AppArmor initialization...
         Starting Tell Plymouth To Write Out Runtime Data...
         Starting Set console font and keymap...
[[0;32m  OK  [0m] Started Dispatch Password Requests to Console Directory Watch.
[[0;32m  OK  [0m] Reached target Local Encrypted Volumes.
[[0;32m  OK  [0m] Started Tell Plymouth To Write Out Runtime Data.
[[0;32m  OK  [0m] Started Create Volatile Files and Directories.
         Starting Update UTMP about System Boot/Shutdown...
[[0;32m  OK  [0m] Started Update UTMP about System Boot/Shutdown.
[[0;32m  OK  [0m] Started Commit a transient machine-id on disk.
[[0;32m  OK  [0m] Started ebtables ruleset management.
[[0;32m  OK  [0m] Started AppArmor initialization.
         Starting Initial cloud-init job (pre-networking)...
         Starting Load AppArmor profiles managed internally by snapd...
[[0;32m  OK  [0m] Started Load AppArmor profiles managed internally by snapd.
[[0;32m  OK  [0m] Started Set console font and keymap.
[   12.756722] cloud-init[867]: Cloud-init v. 23.1.2-0ubuntu0~18.04.1 running 'init-local' at Thu, 21 Sep 2023 01:15:58 +0000. Up 12.08 seconds.
[[0;32m  OK  [0m] Started Initial cloud-init job (pre-networking).
[[0;32m  OK  [0m] Reached target Network (Pre).
         Starting Network Service...
[[0;32m  OK  [0m] Started Network Service.
         Starting Wait for Network to be Configured...
         Starting Network Name Resolution...
[[0;32m  OK  [0m] Started Network Name Resolution.
[[0;32m  OK  [0m] Reached target Network.
[[0;32m  OK  [0m] Reached target Host and Network Name Lookups.
[[0;32m  OK  [0m] Started Wait for Network to be Configured.
         Starting Initial cloud-init job (metadata service crawler)...
[   15.176851] cloud-init[1042]: Cloud-init v. 23.1.2-0ubuntu0~18.04.1 running 'init' at Thu, 21 Sep 2023 01:16:01 +0000. Up 15.01 seconds.
[   15.178138] cloud-init[1042]: ci-info: ++++++++++++++++++++++++++++++++++++++Net device info+++++++++++++++++++++++++++++++++++++++
[   15.179522] cloud-init[1042]: ci-info: +--------+-------+----------------------------+---------------+--------+-------------------+
[   15.180770] cloud-init[1042]: ci-info: | Device |   Up  |          Address           |      Mask     | Scope  |     Hw-Address    |
[   15.181992] cloud-init[1042]: ci-info: +--------+-------+----------------------------+---------------+--------+-------------------+
[   15.183325] cloud-init[1042]: ci-info: | enp0s3 |  True |         10.0.2.15          | 255.255.255.0 | global | 02:3b:7b:b7:3b:2d |
[   15.184534] cloud-init[1042]: ci-info: | enp0s3 |  True | fe80::3b:7bff:feb7:3b2d/64 |       .       |  link  | 02:3b:7b:b7:3b:2d |
[   15.185793] cloud-init[1042]: ci-info: | enp0s8 | False |             .              |       .       |   .    | 08:00:27:14:13:90 |
[   15.187048] cloud-init[1042]: ci-info: | enp0s9 | False |             .              |       .       |   .    | 08:00:27:af:77:05 |
[   15.188286] cloud-init[1042]: ci-info: |   lo   |  True |         127.0.0.1          |   255.0.0.0   |  host  |         .         |
[   15.189428] cloud-init[1042]: ci-info: |   lo   |  True |          ::1/128           |       .       |  host  |         .         |
[   15.190773] cloud-init[1042]: ci-info: +--------+-------+----------------------------+---------------+--------+-------------------+
[   15.192079] cloud-init[1042]: ci-info: ++++++++++++++++++++++++++++Route IPv4 info+++++++++++++++++++++++++++++
[   15.193227] cloud-init[1042]: ci-info: +-------+-------------+----------+-----------------+-----------+-------+
[   15.194305] cloud-init[1042]: ci-info: | Route | Destination | Gateway  |     Genmask     | Interface | Flags |
[   15.195527] cloud-init[1042]: ci-info: +-------+-------------+----------+-----------------+-----------+-------+
[   15.196593] cloud-init[1042]: ci-info: |   0   |   0.0.0.0   | 10.0.2.2 |     0.0.0.0     |   enp0s3  |   UG  |
[   15.197648] cloud-init[1042]: ci-info: |   1   |   10.0.2.0  | 0.0.0.0  |  255.255.255.0  |   enp0s3  |   U   |
[   15.198701] cloud-init[1042]: ci-info: |   2   |   10.0.2.2  | 0.0.0.0  | 255.255.255.255 |   enp0s3  |   UH  |
[   15.199827] cloud-init[1042]: ci-info: +-------+-------------+----------+-----------------+-----------+-------+
[   15.200899] cloud-init[1042]: ci-info: +++++++++++++++++++Route IPv6 info+++++++++++++++++++
[   15.201831] cloud-init[1042]: ci-info: +-------+-------------+---------+-----------+-------+
[   15.202777] cloud-init[1042]: ci-info: | Route | Destination | Gateway | Interface | Flags |
[   15.203697] cloud-init[1042]: ci-info: +-------+-------------+---------+-----------+-------+
[   15.204680] cloud-init[1042]: ci-info: |   1   |  fe80::/64  |    ::   |   enp0s3  |   U   |
[   15.205620] cloud-init[1042]: ci-info: |   3   |    local    |    ::   |   enp0s3  |   U   |
[   15.206631] cloud-init[1042]: ci-info: |   4   |   ff00::/8  |    ::   |   enp0s3  |   U   |
[   15.207578] cloud-init[1042]: ci-info: +-------+-------------+---------+-----------+-------+
[   16.892541] cloud-init[1042]: Generating public/private rsa key pair.
[   16.893308] cloud-init[1042]: Your identification has been saved in /etc/ssh/ssh_host_rsa_key.
[   16.894323] cloud-init[1042]: Your public key has been saved in /etc/ssh/ssh_host_rsa_key.pub.
[   16.895685] cloud-init[1042]: The key fingerprint is:
[   16.896456] cloud-init[1042]: SHA256:5bQ7MrnsVOQpzBpa5m2YcUmg1juySls+Pg3TLKZ8zZc root@ubuntu-bionic
[   16.897542] cloud-init[1042]: The key's randomart image is:
[   16.898189] cloud-init[1042]: +---[RSA 2048]----+
[   16.898759] cloud-init[1042]: |      .          |
[   16.899326] cloud-init[1042]: |     o .         |
[   16.899889] cloud-init[1042]: |    o . . +      |
[   16.900450] cloud-init[1042]: |   .   = B o     |
[   16.901001] cloud-init[1042]: |    .oB S *      |
[   16.901551] cloud-init[1042]: |    =BoX + .     |
[   16.902114] cloud-init[1042]: | ..o+B= B.o      |
[   16.902762] cloud-init[1042]: | .o=+ ++E+ .     |
[   16.903337] cloud-init[1042]: |  oooo o+        |
[   16.904260] cloud-init[1042]: +----[SHA256]-----+
[   16.904905] cloud-init[1042]: Generating public/private dsa key pair.
[   16.924521] cloud-init[1042]: Your identification has been saved in /etc/ssh/ssh_host_dsa_key.
[   16.925585] cloud-init[1042]: Your public key has been saved in /etc/ssh/ssh_host_dsa_key.pub.
[   16.926573] cloud-init[1042]: The key fingerprint is:
[   16.927237] cloud-init[1042]: SHA256:BCaDIBSPvr2XYVwSs7S4oUS2OhYf4VcMDTLfO39bhxw root@ubuntu-bionic
[   16.928291] cloud-init[1042]: The key's randomart image is:
[   16.928993] cloud-init[1042]: +---[DSA 1024]----+
[   16.929516] cloud-init[1042]: |++.+ooB          |
[   16.930095] cloud-init[1042]: |.o+.+B.=         |
[   16.930655] cloud-init[1042]: |o.o.+.*..        |
[   16.931269] cloud-init[1042]: |.+ = = o.        |
[   16.931839] cloud-init[1042]: |o.+ * ooS    E   |
[   16.932387] cloud-init[1042]: |oooo +  o   . o  |
[   16.932947] cloud-init[1042]: |.o .. o  . . + . |
[   16.933516] cloud-init[1042]: |    .o    . o .  |
[   16.934086] cloud-init[1042]: |   ..      .     |
[   16.934929] cloud-init[1042]: +----[SHA256]-----+
[   16.935569] cloud-init[1042]: Generating public/private ecdsa key pair.
[   16.936345] cloud-init[1042]: Your identification has been saved in /etc/ssh/ssh_host_ecdsa_key.
[   16.937305] cloud-init[1042]: Your public key has been saved in /etc/ssh/ssh_host_ecdsa_key.pub.
[   16.938255] cloud-init[1042]: The key fingerprint is:
[   16.938878] cloud-init[1042]: SHA256:zEmTimInE6JwOTuE+3gIqtbTNnnkuoMBBIECLPse25Y root@ubuntu-bionic
[   16.939816] cloud-init[1042]: The key's randomart image is:
[   16.940451] cloud-init[1042]: +---[ECDSA 256]---+
[   16.941011] cloud-init[1042]: |O.               |
[   16.941549] cloud-init[1042]: |++ .     .       |
[   16.942083] cloud-init[1042]: |B.*     +        |
[   16.942678] cloud-init[1042]: |+* + . = o       |
[   16.943285] cloud-init[1042]: |+.O o . S        |
[   16.943879] cloud-init[1042]: |o=oB   .         |
[   16.944480] cloud-init[1042]: |+.+++.+          |
[   16.945073] cloud-init[1042]: |.oo+E* o         |
[   16.945620] cloud-init[1042]: |o  .oo*          |
[   16.946177] cloud-init[1042]: +----[SHA256]-----+
[   16.946644] cloud-init[1042]: Generating public/private ed25519 key pair.
[   16.947417] cloud-init[1042]: Your identification has been saved in /etc/ssh/ssh_host_ed25519_key.
[   16.948398] cloud-init[1042]: Your public key has been saved in /etc/ssh/ssh_host_ed25519_key.pub.
[   16.949372] cloud-init[1042]: The key fingerprint is:
[   16.949927] cloud-init[1042]: SHA256:tE3r8ShWJlcODNhjAHy6wU1xPzNvNzU1xAB+PB4bNno root@ubuntu-bionic
[   16.950901] cloud-init[1042]: The key's randomart image is:
[   16.951553] cloud-init[1042]: +--[ED25519 256]--+
[   16.952128] cloud-init[1042]: |   ...o=o  ...+o.|
[   16.952677] cloud-init[1042]: |    . +.++. .  .o|
[   16.953219] cloud-init[1042]: |   . = ...O..O ..|
[   16.953753] cloud-init[1042]: |    + .. + X= *..|
[   16.954283] cloud-init[1042]: |     o  S B.+Eo  |
[   16.954832] cloud-init[1042]: |    .    * =.. . |
[   16.955411] cloud-init[1042]: |        o o .    |
[   16.955944] cloud-init[1042]: |       . .       |
[   16.956495] cloud-init[1042]: |                 |
[   16.957033] cloud-init[1042]: +----[SHA256]-----+
[[0;32m  OK  [0m] Started Initial cloud-init job (metadata service crawler).
[[0;32m  OK  [0m] Reached target Cloud-config availability.
[[0;32m  OK  [0m] Reached target Network is Online.
         Starting Availability of block devices...
[[0;32m  OK  [0m] Reached target Remote File Systems (Pre).
[[0;32m  OK  [0m] Reached target Remote File Systems.
[[0;32m  OK  [0m] Reached target System Initialization.
[[0;32m  OK  [0m] Listening on D-Bus System Message Bus Socket.
[[0;32m  OK  [0m] Started Ubuntu Advantage Timer for running repeated jobs.
[[0;32m  OK  [0m] Started Daily apt download activities.
[[0;32m  OK  [0m] Started ACPI Events Check.
[[0;32m  OK  [0m] Listening on Open-iSCSI iscsid Socket.
[[0;32m  OK  [0m] Started Daily Cleanup of Temporary Directories.
[[0;32m  OK  [0m] Started Discard unused blocks once a week.
[[0;32m  OK  [0m] Started Daily apt upgrade and clean activities.
         Starting Socket activation for snappy daemon.
[[0;32m  OK  [0m] Reached target Paths.
[[0;32m  OK  [0m] Listening on UUID daemon activation socket.
[[0;32m  OK  [0m] Listening on ACPID Listen Socket.
[[0;32m  OK  [0m] Listening on cloud-init hotplug hook socket.
[[0;32m  OK  [0m] Started Message of the Day.
[[0;32m  OK  [0m] Reached target Timers.
         Starting LXD - unix socket.
[[0;32m  OK  [0m] Listening on Socket activation for snappy daemon.
[[0;32m  OK  [0m] Listening on LXD - unix socket.
[[0;32m  OK  [0m] Reached target Sockets.
[[0;32m  OK  [0m] Reached target Basic System.
[[0;32m  OK  [0m] Started FUSE filesystem for LXC.
         Starting LSB: automatic crash report generation...
[[0;32m  OK  [0m] Started D-Bus System Message Bus.
[[0;32m  OK  [0m] Started Regular background program processing daemon.
         Starting Accounts Service...
[[0;32m  OK  [0m] Started Deferred execution scheduler.
         Starting System Logging Service...
[[0;32m  OK  [0m] Reached target Login Prompts (Pre).
         Starting Permit User Sessions...
[[0;32m  OK  [0m] Started irqbalance daemon.
         Starting Login Service...
         Starting Dispatcher daemon for systemd-networkd...
         Starting Virtualbox guest utils...
         Starting Pollinate to seed the pseudo random number generator...
         Starting LSB: Record successful boot for GRUB...
         Starting Snap Daemon...
         Starting LXD - container startup/shutdown...
[[0;32m  OK  [0m] Started System Logging Service.
[[0;32m  OK  [0m] Started Availability of block devices.
[[0;32m  OK  [0m] Started Permit User Sessions.
[[0;32m  OK  [0m] Started Login Service.
[[0;32m  OK  [0m] Started LSB: automatic crash report generation.
         Starting Authorization Manager...
[[0;32m  OK  [0m] Started Unattended Upgrades Shutdown.
         Starting Terminate Plymouth Boot Screen...
         Starting Hold until boot process finishes up...
[[0;32m  OK  [0m] Started Hold until boot process finishes up.
[[0;32m  OK  [0m] Started Terminate Plymouth Boot Screen.
         Starting Set console scheme...
[[0;32m  OK  [0m] Started Serial Getty on ttyS0.
[[0;32m  OK  [0m] Started Authorization Manager.
[[0;32m  OK  [0m] Started Accounts Service.
[[0;32m  OK  [0m] Started Set console scheme.
[[0;32m  OK  [0m] Created slice system-getty.slice.
[[0;32m  OK  [0m] Started Getty on tty1.
[[0;32m  OK  [0m] Reached target Login Prompts.
[[0;32m  OK  [0m] Started LSB: Record successful boot for GRUB.
[[0;32m  OK  [0m] Started Virtualbox guest utils.
[[0;32m  OK  [0m] Started LXD - container startup/shutdown.
[[0;32m  OK  [0m] Started Dispatcher daemon for systemd-networkd.
[[0;32m  OK  [0m] Started Snap Daemon.
         Starting Wait until snapd is fully seeded...
         Starting Time & Date Service...
[[0;32m  OK  [0m] Started Time & Date Service.

Ubuntu 18.04.6 LTS ubuntu-bionic ttyS0

ubuntu-bionic login: [   39.809842] cloud-init[2399]: Cloud-init v. 23.1.2-0ubuntu0~18.04.1 running 'modules:config' at Thu, 21 Sep 2023 01:16:25 +0000. Up 38.64 seconds.
ci-info: no authorized SSH keys fingerprints found for user ubuntu.
<14>Sep 21 01:16:27 cloud-init: #############################################################
<14>Sep 21 01:16:27 cloud-init: -----BEGIN SSH HOST KEY FINGERPRINTS-----
<14>Sep 21 01:16:27 cloud-init: 1024 SHA256:BCaDIBSPvr2XYVwSs7S4oUS2OhYf4VcMDTLfO39bhxw root@ubuntu-bionic (DSA)
<14>Sep 21 01:16:27 cloud-init: 256 SHA256:zEmTimInE6JwOTuE+3gIqtbTNnnkuoMBBIECLPse25Y root@ubuntu-bionic (ECDSA)
<14>Sep 21 01:16:27 cloud-init: 256 SHA256:tE3r8ShWJlcODNhjAHy6wU1xPzNvNzU1xAB+PB4bNno root@ubuntu-bionic (ED25519)
<14>Sep 21 01:16:27 cloud-init: 2048 SHA256:5bQ7MrnsVOQpzBpa5m2YcUmg1juySls+Pg3TLKZ8zZc root@ubuntu-bionic (RSA)
<14>Sep 21 01:16:27 cloud-init: -----END SSH HOST KEY FINGERPRINTS-----
<14>Sep 21 01:16:27 cloud-init: #############################################################
-----BEGIN SSH HOST KEY KEYS-----
ecdsa-sha2-nistp256 AAAAE2VjZHNhLXNoYTItbmlzdHAyNTYAAAAIbmlzdHAyNTYAAABBBCrgj0NPtBpCxTD/g6NgNNb4cDZKvenHLHg8q2A1qmS/mp/tZHzIN3hwaBil5QmTKUMFl0rWsq13JIB0W/WVcxE= root@ubuntu-bionic
ssh-ed25519 AAAAC3NzaC1lZDI1NTE5AAAAIB9O8Pk0LmDIS4wHWFPKO2Q2KsMRTSKI+1PWyRtaow40 root@ubuntu-bionic
ssh-rsa AAAAB3NzaC1yc2EAAAADAQABAAABAQDTDcTgnZAjWhQfvzxUmvUhdRO6Mh+vtmDwhfc++LwgT0WKcudnFZeo4nW28d6RCVETCUKc+w82njDr0TDRKRpqPa+ojg7a4N+GEmZ9D3a7Wpz6dbfFe/T2gsLCsNbvjphWRfDd03Izy8qoo28LylXj5lxeoLWoQ6fesbejiCFJiMKjH3Bi2Bd1V7RwmXvqol8CfhkVqyfNFs2O4QwN3igZCBGtGAl0PzF3dh4CD6/BJxbasQzjT0U6i/5uFT4JoZfksK6Yq7t8r/keCYeetQCgWttZmp0VwsZaWxHDyMVlCuLHw5+ShCuZUgC+EWsrnxhiwdBAiLMmg8PQ6pzJyKtl root@ubuntu-bionic
-----END SSH HOST KEY KEYS-----
[   40.652904] cloud-init[2488]: Cloud-init v. 23.1.2-0ubuntu0~18.04.1 running 'modules:final' at Thu, 21 Sep 2023 01:16:27 +0000. Up 40.32 seconds.
[   40.653084] cloud-init[2488]: Cloud-init v. 23.1.2-0ubuntu0~18.04.1 finished at Thu, 21 Sep 2023 01:16:27 +0000. Datasource DataSourceNoCloud [seed=/dev/sdb][dsmode=net].  Up 40.64 seconds
